<?xml version="1.0" encoding="UTF-8"?>
<!-- Generated by org.testng.reporters.JUnitReportReporter -->
<testsuite skipped="0" hostname="Jacquelines-Air" name="com.jacapi.statuses.EndToEndTwitterWorkFlow" tests="3" failures="0" timestamp="30 Sep 2018 14:02:46 GMT" time="3.119" errors="0">
  <testcase name="readTweet" time="0.432" classname="com.jacapi.statuses.EndToEndTwitterWorkFlow"/>
  <testcase name="postTweet" time="2.290" classname="com.jacapi.statuses.EndToEndTwitterWorkFlow"/>
  <testcase name="deleteTweet" time="0.397" classname="com.jacapi.statuses.EndToEndTwitterWorkFlow"/>
</testsuite> <!-- com.jacapi.statuses.EndToEndTwitterWorkFlow -->
