<?xml version="1.0" encoding="UTF-8"?>
<!-- Generated by org.testng.reporters.JUnitReportReporter -->
<testsuite skipped="0" hostname="Jacquelines-MacBook-Air.local" name="com.jacapi.statuses.UserTimelineTest" tests="2" failures="0" timestamp="01 Jul 2018 14:08:19 GMT" time="2.994" errors="0">
  <testcase name="readTweets1" time="0.431" classname="com.jacapi.statuses.UserTimelineTest"/>
  <testcase name="readTweets" time="2.563" classname="com.jacapi.statuses.UserTimelineTest"/>
</testsuite> <!-- com.jacapi.statuses.UserTimelineTest -->
